2014-12-08 12:00:03 UTC; Log - User Logger:
Client 'cvvbbb' est connecté.
Utilisateurs en ligne: 1 / 50

2014-12-08 12:00:04 UTC; Log - User Logger:
Client 'cvvbbb' est deconnecté.
Utilisateurs en ligne: 0 / 50

2014-12-08 12:01:36 UTC; Log - User Logger:
Client 'ffffghhhf' est connecté.
Utilisateurs en ligne: 1 / 50

2014-12-08 12:01:59 UTC; Log - User Logger:
Client 'fffghhhj' est connecté.
Utilisateurs en ligne: 2 / 50

2014-12-08 12:02:14 UTC; Log - User Logger:
Client 'fffghhhj' est deconnecté.
Utilisateurs en ligne: 1 / 50

2014-12-08 12:02:19 UTC; Log - User Logger:
Client 'ffffghhhf' est deconnecté.
Utilisateurs en ligne: 0 / 50

2014-12-08 12:03:28 UTC; Log - User Logger:
Client 'ddddggg' est connecté.
Utilisateurs en ligne: 1 / 50

2014-12-08 12:03:49 UTC; Log - User Logger:
Client 'bbbbbb' est connecté.
Utilisateurs en ligne: 2 / 50

2014-12-08 12:03:55 UTC; Log - User Logger:
Client 'ddddggg' est deconnecté.
Utilisateurs en ligne: 1 / 50

2014-12-08 12:04:28 UTC; Log - User Logger:
Client 'rfffggg' est connecté.
Utilisateurs en ligne: 2 / 50

2014-12-08 12:04:48 UTC; Log - User Logger:
Client 'rfffggg' est deconnecté.
Utilisateurs en ligne: 1 / 50

2014-12-08 12:05:22 UTC; Log - User Logger:
Client 'ddddfff' est connecté.
Utilisateurs en ligne: 2 / 50

2014-12-08 12:07:56 UTC; Log - User Logger:
Client 'bbbbbb' est deconnecté.
Utilisateurs en ligne: 1 / 50

2014-12-08 12:08:24 UTC; Log - User Logger:
Client 'ddddfff' est deconnecté.
Utilisateurs en ligne: 0 / 50

2014-12-08 12:15:53 UTC; Log - User Logger:
Client 'ccccbbb' est connecté.
Utilisateurs en ligne: 1 / 50

2014-12-08 12:17:55 UTC; Log - User Logger:
Client 'ccccbbb' est deconnecté.
Utilisateurs en ligne: 0 / 50

2014-12-08 12:18:14 UTC; Log - User Logger:
Client 'ggggghhh' est connecté.
Utilisateurs en ligne: 1 / 50

2014-12-08 12:18:42 UTC; Log - User Logger:
Client 'ggggghhh' est deconnecté.
Utilisateurs en ligne: 0 / 50

2014-12-08 12:20:28 UTC; Log - User Logger:
Client 'ddddffg' est connecté.
Utilisateurs en ligne: 1 / 50

2014-12-08 12:20:36 UTC; Log - User Logger:
Client 'ddddffg' est deconnecté.
Utilisateurs en ligne: 0 / 50

2014-12-08 13:22:47 UTC; Log - User Logger:
Client 'bbbbbffff' est connecté.
Utilisateurs en ligne: 1 / 50

2014-12-08 13:22:48 UTC; Log - User Logger:
Client 'bbbbbffff' est deconnecté.
Utilisateurs en ligne: 0 / 50

2014-12-08 13:23:21 UTC; Log - User Logger:
Client 'rrrrrrrgg' est connecté.
Utilisateurs en ligne: 1 / 50

2014-12-08 13:23:22 UTC; Log - User Logger:
Client 'rrrrrrrgg' est deconnecté.
Utilisateurs en ligne: 0 / 50

2014-12-08 13:23:52 UTC; Log - User Logger:
Client 'ffffffvvvv' est connecté.
Utilisateurs en ligne: 1 / 50

2014-12-08 13:23:53 UTC; Log - User Logger:
Client 'ffffffvvvv' est deconnecté.
Utilisateurs en ligne: 0 / 50

2014-12-08 13:24:40 UTC; Log - User Logger:
Client 'ggggggj' est connecté.
Utilisateurs en ligne: 1 / 50

2014-12-08 13:24:41 UTC; Log - User Logger:
Client 'ggggggj' est deconnecté.
Utilisateurs en ligne: 0 / 50

2014-12-08 13:25:50 UTC; Log - User Logger:
Client 'ggggghhhv' est connecté.
Utilisateurs en ligne: 1 / 50

2014-12-08 13:25:51 UTC; Log - User Logger:
Client 'ggggghhhv' est deconnecté.
Utilisateurs en ligne: 0 / 50

2014-12-08 13:27:20 UTC; Log - User Logger:
Client 'ffgghh' est connecté.
Utilisateurs en ligne: 1 / 50

2014-12-08 13:27:21 UTC; Log - User Logger:
Client 'ffgghh' est deconnecté.
Utilisateurs en ligne: 0 / 50

2014-12-08 13:27:53 UTC; Log - User Logger:
Client 'jjjkkkk' est connecté.
Utilisateurs en ligne: 1 / 50

2014-12-08 13:27:55 UTC; Log - User Logger:
Client 'jjjkkkk' est deconnecté.
Utilisateurs en ligne: 0 / 50

2014-12-08 13:28:21 UTC; Log - User Logger:
Client 'gggggg' est connecté.
Utilisateurs en ligne: 1 / 50

2014-12-08 13:29:21 UTC; Log - User Logger:
Client 'gggggg' est deconnecté.
Utilisateurs en ligne: 0 / 50

2014-12-08 13:35:32 UTC; Log - User Logger:
Client 'dddfgvb' est connecté.
Utilisateurs en ligne: 1 / 50

2014-12-08 13:36:13 UTC; Log - User Logger:
Client 'dddfgvb' est deconnecté.
Utilisateurs en ligne: 0 / 50

